<?xml version="1.0" encoding="UTF-8"?>
<!-- Generated by org.testng.reporters.JUnitXMLReporter -->
<testsuite ignored="0" hostname="DESKTOP-GSUKVBF" failures="0" tests="4" name="Default test" time="5.232" errors="0" timestamp="2022-03-25T14:00:50 EDT">
  <testcase classname="RestAssuredFramework.createRepoTest" name="createRepositoryPOJOTest" time="3.434"/>
  <testcase classname="RestAssuredFramework.createRepoTest" name="createRepositoryPayloadTest" time="1.089"/>
  <testcase classname="RestAssuredFramework.createRepoTest" name="deleteRepo" time="0.355"/>
  <testcase classname="RestAssuredFramework.createRepoTest" name="deleteRepoPOJO" time="0.301"/>
</testsuite> <!-- Default test -->
