<?xml version="1.0" encoding="UTF-8"?>
<!-- Generated by org.testng.reporters.JUnitXMLReporter -->
<testsuite ignored="0" hostname="DESKTOP-GSUKVBF" failures="0" tests="4" name="Test" time="5.847" errors="0" timestamp="2022-03-25T14:22:46 EDT">
  <testcase classname="RestAssuredFramework.createRepoTest" name="createRepositoryPOJOTest" time="3.789"/>
  <testcase classname="RestAssuredFramework.createRepoTest" name="createRepositoryPayloadTest" time="1.077"/>
  <testcase classname="RestAssuredFramework.createRepoTest" name="deleteRepo" time="0.614"/>
  <testcase classname="RestAssuredFramework.createRepoTest" name="deleteRepoPOJO" time="0.331"/>
</testsuite> <!-- Test -->
