<?xml version="1.0" encoding="UTF-8"?>
<testng-results ignored="0" total="4" passed="4" failed="0" skipped="0">
  <reporter-output>
  </reporter-output>
  <suite started-at="2022-03-25T14:22:40 EDT" name="Suite" finished-at="2022-03-25T14:22:46 EDT" duration-ms="5847">
    <groups>
    </groups>
    <test started-at="2022-03-25T14:22:40 EDT" name="Test" finished-at="2022-03-25T14:22:46 EDT" duration-ms="5847">
      <class name="RestAssuredFramework.createRepoTest">
        <test-method signature="createRepositoryPOJOTest()[pri:0, instance:RestAssuredFramework.createRepoTest@66d3eec0]" started-at="2022-03-25T14:22:40 EDT" name="createRepositoryPOJOTest" finished-at="2022-03-25T14:22:44 EDT" duration-ms="3789" status="PASS">
          <reporter-output>
          </reporter-output>
        </test-method> <!-- createRepositoryPOJOTest -->
        <test-method signature="createRepositoryPayloadTest()[pri:0, instance:RestAssuredFramework.createRepoTest@66d3eec0]" started-at="2022-03-25T14:22:44 EDT" name="createRepositoryPayloadTest" finished-at="2022-03-25T14:22:45 EDT" duration-ms="1077" status="PASS">
          <reporter-output>
          </reporter-output>
        </test-method> <!-- createRepositoryPayloadTest -->
        <test-method signature="deleteRepo()[pri:0, instance:RestAssuredFramework.createRepoTest@66d3eec0]" started-at="2022-03-25T14:22:45 EDT" name="deleteRepo" finished-at="2022-03-25T14:22:46 EDT" duration-ms="614" status="PASS">
          <reporter-output>
          </reporter-output>
        </test-method> <!-- deleteRepo -->
        <test-method signature="deleteRepoPOJO()[pri:0, instance:RestAssuredFramework.createRepoTest@66d3eec0]" started-at="2022-03-25T14:22:46 EDT" name="deleteRepoPOJO" finished-at="2022-03-25T14:22:46 EDT" duration-ms="331" status="PASS">
          <reporter-output>
          </reporter-output>
        </test-method> <!-- deleteRepoPOJO -->
      </class> <!-- RestAssuredFramework.createRepoTest -->
    </test> <!-- Test -->
  </suite> <!-- Suite -->
</testng-results>
